20/11/14 15:30:49 WARN NativeCodeLoader: Unable to load native-hadoop library for your platform... using builtin-java classes where applicable
20/11/14 15:30:51 INFO SparkContext: Running Spark version 2.4.5
20/11/14 15:30:51 INFO SparkContext: Submitted application: sparklyr
20/11/14 15:30:52 INFO SecurityManager: Changing view acls to: spencer.matthews
20/11/14 15:30:52 INFO SecurityManager: Changing modify acls to: spencer.matthews
20/11/14 15:30:52 INFO SecurityManager: Changing view acls groups to: 
20/11/14 15:30:52 INFO SecurityManager: Changing modify acls groups to: 
20/11/14 15:30:52 INFO SecurityManager: SecurityManager: authentication disabled; ui acls disabled; users  with view permissions: Set(spencer.matthews); groups with view permissions: Set(); users  with modify permissions: Set(spencer.matthews); groups with modify permissions: Set()
20/11/14 15:30:52 INFO Utils: Successfully started service 'sparkDriver' on port 52277.
20/11/14 15:30:52 INFO SparkEnv: Registering MapOutputTracker
20/11/14 15:30:52 INFO SparkEnv: Registering BlockManagerMaster
20/11/14 15:30:52 INFO BlockManagerMasterEndpoint: Using org.apache.spark.storage.DefaultTopologyMapper for getting topology information
20/11/14 15:30:52 INFO BlockManagerMasterEndpoint: BlockManagerMasterEndpoint up
20/11/14 15:30:52 INFO DiskBlockManager: Created local directory at /private/var/folders/vd/_ngs1tr16pgclk613y4k1hy80000gn/T/blockmgr-647fa13c-d750-4c81-9624-82aa0873326f
20/11/14 15:30:52 INFO MemoryStore: MemoryStore started with capacity 2.9 GB
20/11/14 15:30:52 INFO SparkEnv: Registering OutputCommitCoordinator
20/11/14 15:30:53 INFO Utils: Successfully started service 'SparkUI' on port 4040.
20/11/14 15:30:53 INFO SparkUI: Bound SparkUI to 0.0.0.0, and started at http://192.168.1.10:4040
20/11/14 15:30:53 INFO SparkContext: Added JAR file:/Library/Frameworks/R.framework/Versions/4.0/Resources/library/sparklyr/java/sparklyr-2.4-2.11.jar at spark://192.168.1.10:52277/jars/sparklyr-2.4-2.11.jar with timestamp 1605393053493
20/11/14 15:30:53 INFO Executor: Starting executor ID driver on host localhost
20/11/14 15:30:53 INFO Utils: Successfully started service 'org.apache.spark.network.netty.NettyBlockTransferService' on port 52280.
20/11/14 15:30:53 INFO NettyBlockTransferService: Server created on 192.168.1.10:52280
20/11/14 15:30:53 INFO BlockManager: Using org.apache.spark.storage.RandomBlockReplicationPolicy for block replication policy
20/11/14 15:30:53 INFO BlockManagerMaster: Registering BlockManager BlockManagerId(driver, 192.168.1.10, 52280, None)
20/11/14 15:30:53 INFO BlockManagerMasterEndpoint: Registering block manager 192.168.1.10:52280 with 2.9 GB RAM, BlockManagerId(driver, 192.168.1.10, 52280, None)
20/11/14 15:30:53 INFO BlockManagerMaster: Registered BlockManager BlockManagerId(driver, 192.168.1.10, 52280, None)
20/11/14 15:30:53 INFO BlockManager: Initialized BlockManager: BlockManagerId(driver, 192.168.1.10, 52280, None)
20/11/14 15:30:54 INFO SharedState: loading hive config file: file:/Users/spencer.matthews/spark/spark-2.4.5-bin-hadoop2.7/conf/hive-site.xml
20/11/14 15:30:54 INFO SharedState: Setting hive.metastore.warehouse.dir ('null') to the value of spark.sql.warehouse.dir ('file:/Users/spencer.matthews/Documents/Research/Hartman/Repos/CAS/spark-warehouse').
20/11/14 15:30:54 INFO SharedState: Warehouse path is 'file:/Users/spencer.matthews/Documents/Research/Hartman/Repos/CAS/spark-warehouse'.
20/11/14 15:30:56 INFO StateStoreCoordinatorRef: Registered StateStoreCoordinator endpoint
20/11/14 15:31:01 INFO HiveUtils: Initializing HiveMetastoreConnection version 1.2.1 using Spark classes.
20/11/14 15:31:03 INFO HiveMetaStore: 0: Opening raw store with implemenation class:org.apache.hadoop.hive.metastore.ObjectStore
20/11/14 15:31:03 INFO ObjectStore: ObjectStore, initialize called
20/11/14 15:31:03 INFO Persistence: Property hive.metastore.integral.jdo.pushdown unknown - will be ignored
20/11/14 15:31:03 INFO Persistence: Property datanucleus.cache.level2 unknown - will be ignored
20/11/14 15:31:07 INFO ObjectStore: Setting MetaStore object pin classes with hive.metastore.cache.pinobjtypes="Table,StorageDescriptor,SerDeInfo,Partition,Database,Type,FieldSchema,Order"
20/11/14 15:31:08 INFO Datastore: The class "org.apache.hadoop.hive.metastore.model.MFieldSchema" is tagged as "embedded-only" so does not have its own datastore table.
20/11/14 15:31:08 INFO Datastore: The class "org.apache.hadoop.hive.metastore.model.MOrder" is tagged as "embedded-only" so does not have its own datastore table.
20/11/14 15:31:09 INFO Datastore: The class "org.apache.hadoop.hive.metastore.model.MFieldSchema" is tagged as "embedded-only" so does not have its own datastore table.
20/11/14 15:31:09 INFO Datastore: The class "org.apache.hadoop.hive.metastore.model.MOrder" is tagged as "embedded-only" so does not have its own datastore table.
20/11/14 15:31:10 INFO MetaStoreDirectSql: Using direct SQL, underlying DB is DERBY
20/11/14 15:31:10 INFO ObjectStore: Initialized ObjectStore
20/11/14 15:31:10 WARN ObjectStore: Version information not found in metastore. hive.metastore.schema.verification is not enabled so recording the schema version 1.2.0
20/11/14 15:31:10 WARN ObjectStore: Failed to get database default, returning NoSuchObjectException
20/11/14 15:31:10 INFO HiveMetaStore: Added admin role in metastore
20/11/14 15:31:10 INFO HiveMetaStore: Added public role in metastore
20/11/14 15:31:10 INFO HiveMetaStore: No user is added in admin role, since config is empty
20/11/14 15:31:10 INFO HiveMetaStore: 0: get_all_databases
20/11/14 15:31:10 INFO audit: ugi=spencer.matthews	ip=unknown-ip-addr	cmd=get_all_databases	
20/11/14 15:31:10 INFO HiveMetaStore: 0: get_functions: db=default pat=*
20/11/14 15:31:10 INFO audit: ugi=spencer.matthews	ip=unknown-ip-addr	cmd=get_functions: db=default pat=*	
20/11/14 15:31:10 INFO Datastore: The class "org.apache.hadoop.hive.metastore.model.MResourceUri" is tagged as "embedded-only" so does not have its own datastore table.
20/11/14 15:31:11 INFO SessionState: Created HDFS directory: /tmp/hive/spencer.matthews
20/11/14 15:31:11 INFO SessionState: Created local directory: /var/folders/vd/_ngs1tr16pgclk613y4k1hy80000gn/T/spencer.matthews
20/11/14 15:31:11 INFO SessionState: Created local directory: /var/folders/vd/_ngs1tr16pgclk613y4k1hy80000gn/T/50f35dde-da08-41e0-8653-a5d3c3c55c97_resources
20/11/14 15:31:11 INFO SessionState: Created HDFS directory: /tmp/hive/spencer.matthews/50f35dde-da08-41e0-8653-a5d3c3c55c97
20/11/14 15:31:11 INFO SessionState: Created local directory: /var/folders/vd/_ngs1tr16pgclk613y4k1hy80000gn/T/spencer.matthews/50f35dde-da08-41e0-8653-a5d3c3c55c97
20/11/14 15:31:11 INFO SessionState: Created HDFS directory: /tmp/hive/spencer.matthews/50f35dde-da08-41e0-8653-a5d3c3c55c97/_tmp_space.db
20/11/14 15:31:11 INFO HiveClientImpl: Warehouse location for Hive client (version 1.2.2) is file:/Users/spencer.matthews/Documents/Research/Hartman/Repos/CAS/spark-warehouse
20/11/14 15:31:11 INFO HiveMetaStore: 0: get_database: default
20/11/14 15:31:11 INFO audit: ugi=spencer.matthews	ip=unknown-ip-addr	cmd=get_database: default	
20/11/14 15:31:11 INFO HiveMetaStore: 0: get_database: global_temp
20/11/14 15:31:11 INFO audit: ugi=spencer.matthews	ip=unknown-ip-addr	cmd=get_database: global_temp	
20/11/14 15:31:11 WARN ObjectStore: Failed to get database global_temp, returning NoSuchObjectException
20/11/14 15:31:11 INFO HiveMetaStore: 0: get_database: default
20/11/14 15:31:11 INFO audit: ugi=spencer.matthews	ip=unknown-ip-addr	cmd=get_database: default	
20/11/14 15:31:11 INFO HiveMetaStore: 0: get_database: default
20/11/14 15:31:11 INFO audit: ugi=spencer.matthews	ip=unknown-ip-addr	cmd=get_database: default	
20/11/14 15:31:11 INFO HiveMetaStore: 0: get_tables: db=default pat=*
20/11/14 15:31:11 INFO audit: ugi=spencer.matthews	ip=unknown-ip-addr	cmd=get_tables: db=default pat=*	
20/11/14 15:31:12 INFO CodeGenerator: Code generated in 438.89157 ms
20/11/14 15:31:12 INFO HiveMetaStore: 0: get_database: default
20/11/14 15:31:12 INFO audit: ugi=spencer.matthews	ip=unknown-ip-addr	cmd=get_database: default	
20/11/14 15:31:12 INFO HiveMetaStore: 0: get_database: default
20/11/14 15:31:12 INFO audit: ugi=spencer.matthews	ip=unknown-ip-addr	cmd=get_database: default	
20/11/14 15:31:12 INFO HiveMetaStore: 0: get_tables: db=default pat=*
20/11/14 15:31:12 INFO audit: ugi=spencer.matthews	ip=unknown-ip-addr	cmd=get_tables: db=default pat=*	
20/11/14 15:32:03 INFO ContextCleaner: Cleaned accumulator 0
20/11/14 15:32:03 INFO ContextCleaner: Cleaned accumulator 1
20/11/14 15:41:26 INFO HiveMetaStore: 0: get_database: default
20/11/14 15:41:26 INFO audit: ugi=spencer.matthews	ip=unknown-ip-addr	cmd=get_database: default	
20/11/14 15:41:26 INFO HiveMetaStore: 0: get_database: default
20/11/14 15:41:26 INFO audit: ugi=spencer.matthews	ip=unknown-ip-addr	cmd=get_database: default	
20/11/14 15:41:26 INFO HiveMetaStore: 0: get_tables: db=default pat=*
20/11/14 15:41:26 INFO audit: ugi=spencer.matthews	ip=unknown-ip-addr	cmd=get_tables: db=default pat=*	
20/11/14 15:41:27 INFO SparkContext: Starting job: collect at utils.scala:43
20/11/14 15:41:27 INFO DAGScheduler: Got job 0 (collect at utils.scala:43) with 1 output partitions
20/11/14 15:41:27 INFO DAGScheduler: Final stage: ResultStage 0 (collect at utils.scala:43)
20/11/14 15:41:27 INFO DAGScheduler: Parents of final stage: List()
20/11/14 15:41:27 INFO DAGScheduler: Missing parents: List()
20/11/14 15:41:27 INFO DAGScheduler: Submitting ResultStage 0 (MapPartitionsRDD[5] at map at utils.scala:40), which has no missing parents
20/11/14 15:41:27 INFO MemoryStore: Block broadcast_0 stored as values in memory (estimated size 7.1 KB, free 2.9 GB)
20/11/14 15:41:27 INFO MemoryStore: Block broadcast_0_piece0 stored as bytes in memory (estimated size 4.1 KB, free 2.9 GB)
20/11/14 15:41:27 INFO BlockManagerInfo: Added broadcast_0_piece0 in memory on 192.168.1.10:52280 (size: 4.1 KB, free: 2.9 GB)
20/11/14 15:41:27 INFO SparkContext: Created broadcast 0 from broadcast at DAGScheduler.scala:1163
20/11/14 15:41:27 INFO DAGScheduler: Submitting 1 missing tasks from ResultStage 0 (MapPartitionsRDD[5] at map at utils.scala:40) (first 15 tasks are for partitions Vector(0))
20/11/14 15:41:27 INFO TaskSchedulerImpl: Adding task set 0.0 with 1 tasks
20/11/14 15:41:28 INFO TaskSetManager: Starting task 0.0 in stage 0.0 (TID 0, localhost, executor driver, partition 0, PROCESS_LOCAL, 7893 bytes)
20/11/14 15:41:28 INFO Executor: Running task 0.0 in stage 0.0 (TID 0)
20/11/14 15:41:28 INFO Executor: Fetching spark://192.168.1.10:52277/jars/sparklyr-2.4-2.11.jar with timestamp 1605393053493
20/11/14 15:41:28 INFO TransportClientFactory: Successfully created connection to /192.168.1.10:52277 after 48 ms (0 ms spent in bootstraps)
20/11/14 15:41:28 INFO Utils: Fetching spark://192.168.1.10:52277/jars/sparklyr-2.4-2.11.jar to /private/var/folders/vd/_ngs1tr16pgclk613y4k1hy80000gn/T/spark-1cb49bfe-debf-45b8-9151-f895177f552d/userFiles-3a33fc79-8c4a-47ea-a5e6-56032ad2f8e3/fetchFileTemp1946854500007102032.tmp
20/11/14 15:41:28 INFO Executor: Adding file:/private/var/folders/vd/_ngs1tr16pgclk613y4k1hy80000gn/T/spark-1cb49bfe-debf-45b8-9151-f895177f552d/userFiles-3a33fc79-8c4a-47ea-a5e6-56032ad2f8e3/sparklyr-2.4-2.11.jar to class loader
20/11/14 15:41:28 INFO CodeGenerator: Code generated in 17.348929 ms
20/11/14 15:41:28 INFO Executor: Finished task 0.0 in stage 0.0 (TID 0). 970 bytes result sent to driver
20/11/14 15:41:28 INFO TaskSetManager: Finished task 0.0 in stage 0.0 (TID 0) in 691 ms on localhost (executor driver) (1/1)
20/11/14 15:41:28 INFO TaskSchedulerImpl: Removed TaskSet 0.0, whose tasks have all completed, from pool 
20/11/14 15:41:28 INFO DAGScheduler: ResultStage 0 (collect at utils.scala:43) finished in 1.055 s
20/11/14 15:41:28 INFO DAGScheduler: Job 0 finished: collect at utils.scala:43, took 1.206885 s
20/11/14 15:43:06 INFO ContextCleaner: Cleaned accumulator 7
20/11/14 15:43:06 INFO ContextCleaner: Cleaned accumulator 11
20/11/14 15:43:06 INFO ContextCleaner: Cleaned accumulator 6
20/11/14 15:43:06 INFO ContextCleaner: Cleaned accumulator 26
20/11/14 15:43:06 INFO ContextCleaner: Cleaned accumulator 20
20/11/14 15:43:06 INFO ContextCleaner: Cleaned accumulator 14
20/11/14 15:43:06 INFO ContextCleaner: Cleaned accumulator 2
20/11/14 15:43:06 INFO ContextCleaner: Cleaned accumulator 5
20/11/14 15:43:06 INFO ContextCleaner: Cleaned accumulator 8
20/11/14 15:43:06 INFO ContextCleaner: Cleaned accumulator 17
20/11/14 15:43:06 INFO ContextCleaner: Cleaned accumulator 22
20/11/14 15:43:06 INFO ContextCleaner: Cleaned accumulator 27
20/11/14 15:43:06 INFO ContextCleaner: Cleaned accumulator 25
20/11/14 15:43:06 INFO ContextCleaner: Cleaned accumulator 13
20/11/14 15:43:06 INFO ContextCleaner: Cleaned accumulator 15
20/11/14 15:43:06 INFO ContextCleaner: Cleaned accumulator 18
20/11/14 15:43:06 INFO BlockManagerInfo: Removed broadcast_0_piece0 on 192.168.1.10:52280 in memory (size: 4.1 KB, free: 2.9 GB)
20/11/14 15:43:06 INFO ContextCleaner: Cleaned accumulator 10
20/11/14 15:43:06 INFO ContextCleaner: Cleaned accumulator 9
20/11/14 15:43:06 INFO ContextCleaner: Cleaned accumulator 12
20/11/14 15:43:06 INFO ContextCleaner: Cleaned accumulator 23
20/11/14 15:43:06 INFO ContextCleaner: Cleaned accumulator 24
20/11/14 15:43:06 INFO ContextCleaner: Cleaned accumulator 21
20/11/14 15:43:06 INFO ContextCleaner: Cleaned accumulator 16
20/11/14 15:43:06 INFO ContextCleaner: Cleaned accumulator 4
20/11/14 15:43:06 INFO ContextCleaner: Cleaned accumulator 19
20/11/14 15:43:06 INFO ContextCleaner: Cleaned accumulator 3
20/11/14 15:43:13 WARN Utils: Truncated the string representation of a plan since it was too large. This behavior can be adjusted by setting 'spark.debug.maxToStringFields' in SparkEnv.conf.
20/11/14 15:43:14 INFO CodeGenerator: Code generated in 33.788464 ms
20/11/14 15:43:14 INFO CodeGenerator: Code generated in 18.325923 ms
20/11/14 15:43:14 INFO SparkContext: Starting job: sql at NativeMethodAccessorImpl.java:0
20/11/14 15:43:14 INFO DAGScheduler: Registering RDD 15 (sql at NativeMethodAccessorImpl.java:0) as input to shuffle 0
20/11/14 15:43:14 INFO DAGScheduler: Got job 1 (sql at NativeMethodAccessorImpl.java:0) with 1 output partitions
20/11/14 15:43:14 INFO DAGScheduler: Final stage: ResultStage 2 (sql at NativeMethodAccessorImpl.java:0)
20/11/14 15:43:14 INFO DAGScheduler: Parents of final stage: List(ShuffleMapStage 1)
20/11/14 15:43:14 INFO DAGScheduler: Missing parents: List(ShuffleMapStage 1)
20/11/14 15:43:14 INFO DAGScheduler: Submitting ShuffleMapStage 1 (MapPartitionsRDD[15] at sql at NativeMethodAccessorImpl.java:0), which has no missing parents
20/11/14 15:43:14 INFO MemoryStore: Block broadcast_1 stored as values in memory (estimated size 61.9 KB, free 2.9 GB)
20/11/14 15:43:14 INFO MemoryStore: Block broadcast_1_piece0 stored as bytes in memory (estimated size 21.9 KB, free 2.9 GB)
20/11/14 15:43:14 INFO BlockManagerInfo: Added broadcast_1_piece0 in memory on 192.168.1.10:52280 (size: 21.9 KB, free: 2.9 GB)
20/11/14 15:43:14 INFO SparkContext: Created broadcast 1 from broadcast at DAGScheduler.scala:1163
20/11/14 15:43:14 INFO DAGScheduler: Submitting 1 missing tasks from ShuffleMapStage 1 (MapPartitionsRDD[15] at sql at NativeMethodAccessorImpl.java:0) (first 15 tasks are for partitions Vector(0))
20/11/14 15:43:14 INFO TaskSchedulerImpl: Adding task set 1.0 with 1 tasks
20/11/14 15:43:15 INFO ContextCleaner: Cleaned accumulator 29
20/11/14 15:43:21 WARN TaskSetManager: Stage 1 contains a task of very large size (477534 KB). The maximum recommended task size is 100 KB.
20/11/14 15:43:21 INFO TaskSetManager: Starting task 0.0 in stage 1.0 (TID 1, localhost, executor driver, partition 0, PROCESS_LOCAL, 488994851 bytes)
20/11/14 15:43:21 INFO Executor: Running task 0.0 in stage 1.0 (TID 1)
20/11/14 15:43:34 INFO CodeGenerator: Code generated in 197.56 ms
20/11/14 15:43:35 INFO CodeGenerator: Code generated in 377.642388 ms
20/11/14 15:48:43 INFO MemoryStore: Block rdd_10_0 stored as values in memory (estimated size 225.9 MB, free 2.7 GB)
20/11/14 15:48:43 INFO BlockManagerInfo: Added rdd_10_0 in memory on 192.168.1.10:52280 (size: 225.9 MB, free: 2.7 GB)
20/11/14 15:48:43 INFO CodeGenerator: Code generated in 13.509777 ms
20/11/14 15:48:43 INFO CodeGenerator: Code generated in 22.808708 ms
20/11/14 15:48:43 INFO Executor: Finished task 0.0 in stage 1.0 (TID 1). 1784 bytes result sent to driver
20/11/14 15:48:43 INFO TaskSetManager: Finished task 0.0 in stage 1.0 (TID 1) in 328950 ms on localhost (executor driver) (1/1)
20/11/14 15:48:43 INFO TaskSchedulerImpl: Removed TaskSet 1.0, whose tasks have all completed, from pool 
20/11/14 15:48:43 INFO DAGScheduler: ShuffleMapStage 1 (sql at NativeMethodAccessorImpl.java:0) finished in 329.008 s
20/11/14 15:48:43 INFO DAGScheduler: looking for newly runnable stages
20/11/14 15:48:43 INFO DAGScheduler: running: Set()
20/11/14 15:48:43 INFO DAGScheduler: waiting: Set(ResultStage 2)
20/11/14 15:48:43 INFO DAGScheduler: failed: Set()
20/11/14 15:48:43 INFO DAGScheduler: Submitting ResultStage 2 (MapPartitionsRDD[18] at sql at NativeMethodAccessorImpl.java:0), which has no missing parents
20/11/14 15:48:43 INFO MemoryStore: Block broadcast_2 stored as values in memory (estimated size 7.3 KB, free 2.7 GB)
20/11/14 15:48:43 INFO MemoryStore: Block broadcast_2_piece0 stored as bytes in memory (estimated size 3.9 KB, free 2.7 GB)
20/11/14 15:48:43 INFO BlockManagerInfo: Added broadcast_2_piece0 in memory on 192.168.1.10:52280 (size: 3.9 KB, free: 2.7 GB)
20/11/14 15:48:43 INFO SparkContext: Created broadcast 2 from broadcast at DAGScheduler.scala:1163
20/11/14 15:48:43 INFO DAGScheduler: Submitting 1 missing tasks from ResultStage 2 (MapPartitionsRDD[18] at sql at NativeMethodAccessorImpl.java:0) (first 15 tasks are for partitions Vector(0))
20/11/14 15:48:43 INFO TaskSchedulerImpl: Adding task set 2.0 with 1 tasks
20/11/14 15:48:43 INFO TaskSetManager: Starting task 0.0 in stage 2.0 (TID 2, localhost, executor driver, partition 0, ANY, 7767 bytes)
20/11/14 15:48:43 INFO Executor: Running task 0.0 in stage 2.0 (TID 2)
20/11/14 15:48:44 INFO ShuffleBlockFetcherIterator: Getting 1 non-empty blocks including 1 local blocks and 0 remote blocks
20/11/14 15:48:44 INFO ShuffleBlockFetcherIterator: Started 0 remote fetches in 24 ms
20/11/14 15:48:44 INFO Executor: Finished task 0.0 in stage 2.0 (TID 2). 1781 bytes result sent to driver
20/11/14 15:48:44 INFO TaskSetManager: Finished task 0.0 in stage 2.0 (TID 2) in 106 ms on localhost (executor driver) (1/1)
20/11/14 15:48:44 INFO TaskSchedulerImpl: Removed TaskSet 2.0, whose tasks have all completed, from pool 
20/11/14 15:48:44 INFO DAGScheduler: ResultStage 2 (sql at NativeMethodAccessorImpl.java:0) finished in 0.125 s
20/11/14 15:48:44 INFO DAGScheduler: Job 1 finished: sql at NativeMethodAccessorImpl.java:0, took 329.180232 s
20/11/14 15:48:44 INFO CodeGenerator: Code generated in 12.820054 ms
20/11/14 15:48:44 INFO SparkContext: Starting job: collect at utils.scala:353
20/11/14 15:48:44 INFO DAGScheduler: Registering RDD 23 (collect at utils.scala:353) as input to shuffle 1
20/11/14 15:48:44 INFO DAGScheduler: Got job 2 (collect at utils.scala:353) with 1 output partitions
20/11/14 15:48:44 INFO DAGScheduler: Final stage: ResultStage 4 (collect at utils.scala:353)
20/11/14 15:48:44 INFO DAGScheduler: Parents of final stage: List(ShuffleMapStage 3)
20/11/14 15:48:44 INFO DAGScheduler: Missing parents: List(ShuffleMapStage 3)
20/11/14 15:48:44 INFO DAGScheduler: Submitting ShuffleMapStage 3 (MapPartitionsRDD[23] at collect at utils.scala:353), which has no missing parents
20/11/14 15:48:44 INFO MemoryStore: Block broadcast_3 stored as values in memory (estimated size 61.9 KB, free 2.7 GB)
20/11/14 15:48:44 INFO MemoryStore: Block broadcast_3_piece0 stored as bytes in memory (estimated size 21.9 KB, free 2.7 GB)
20/11/14 15:48:44 INFO BlockManagerInfo: Added broadcast_3_piece0 in memory on 192.168.1.10:52280 (size: 21.9 KB, free: 2.7 GB)
20/11/14 15:48:44 INFO SparkContext: Created broadcast 3 from broadcast at DAGScheduler.scala:1163
20/11/14 15:48:44 INFO DAGScheduler: Submitting 1 missing tasks from ShuffleMapStage 3 (MapPartitionsRDD[23] at collect at utils.scala:353) (first 15 tasks are for partitions Vector(0))
20/11/14 15:48:44 INFO TaskSchedulerImpl: Adding task set 3.0 with 1 tasks
20/11/14 15:48:46 INFO ContextCleaner: Cleaned accumulator 86
20/11/14 15:48:46 INFO ContextCleaner: Cleaned accumulator 31
20/11/14 15:48:46 INFO ContextCleaner: Cleaned accumulator 47
20/11/14 15:48:46 INFO ContextCleaner: Cleaned accumulator 72
20/11/14 15:48:46 INFO ContextCleaner: Cleaned accumulator 61
20/11/14 15:48:46 INFO ContextCleaner: Cleaned accumulator 48
20/11/14 15:48:46 INFO ContextCleaner: Cleaned accumulator 63
20/11/14 15:48:46 INFO ContextCleaner: Cleaned accumulator 42
20/11/14 15:48:46 INFO ContextCleaner: Cleaned accumulator 32
20/11/14 15:48:46 INFO ContextCleaner: Cleaned accumulator 35
20/11/14 15:48:46 INFO ContextCleaner: Cleaned accumulator 91
20/11/14 15:48:46 INFO ContextCleaner: Cleaned accumulator 71
20/11/14 15:48:46 INFO ContextCleaner: Cleaned accumulator 50
20/11/14 15:48:46 INFO ContextCleaner: Cleaned accumulator 93
20/11/14 15:48:46 INFO ContextCleaner: Cleaned accumulator 34
20/11/14 15:48:46 INFO ContextCleaner: Cleaned accumulator 43
20/11/14 15:48:46 INFO ContextCleaner: Cleaned accumulator 88
20/11/14 15:48:46 INFO ContextCleaner: Cleaned accumulator 64
20/11/14 15:48:46 INFO ContextCleaner: Cleaned accumulator 41
20/11/14 15:48:46 INFO ContextCleaner: Cleaned accumulator 53
20/11/14 15:48:46 INFO ContextCleaner: Cleaned accumulator 96
20/11/14 15:48:46 INFO ContextCleaner: Cleaned accumulator 73
20/11/14 15:48:46 INFO ContextCleaner: Cleaned accumulator 49
20/11/14 15:48:46 INFO ContextCleaner: Cleaned accumulator 40
20/11/14 15:48:46 INFO ContextCleaner: Cleaned accumulator 85
20/11/14 15:48:46 INFO BlockManagerInfo: Removed broadcast_1_piece0 on 192.168.1.10:52280 in memory (size: 21.9 KB, free: 2.7 GB)
20/11/14 15:48:46 INFO ContextCleaner: Cleaned accumulator 57
20/11/14 15:48:46 INFO ContextCleaner: Cleaned accumulator 65
20/11/14 15:48:46 INFO ContextCleaner: Cleaned accumulator 94
20/11/14 15:48:46 INFO ContextCleaner: Cleaned accumulator 68
20/11/14 15:48:46 INFO ContextCleaner: Cleaned accumulator 51
20/11/14 15:48:46 INFO ContextCleaner: Cleaned accumulator 76
20/11/14 15:48:46 INFO ContextCleaner: Cleaned accumulator 90
20/11/14 15:48:46 INFO ContextCleaner: Cleaned accumulator 75
20/11/14 15:48:46 INFO ContextCleaner: Cleaned accumulator 33
20/11/14 15:48:46 INFO ContextCleaner: Cleaned accumulator 95
20/11/14 15:48:46 INFO ContextCleaner: Cleaned accumulator 37
20/11/14 15:48:46 INFO ContextCleaner: Cleaned accumulator 69
20/11/14 15:48:46 INFO ContextCleaner: Cleaned accumulator 39
20/11/14 15:48:46 INFO ContextCleaner: Cleaned accumulator 62
20/11/14 15:48:46 INFO ContextCleaner: Cleaned accumulator 74
20/11/14 15:48:46 INFO ContextCleaner: Cleaned accumulator 66
20/11/14 15:48:46 INFO ContextCleaner: Cleaned accumulator 79
20/11/14 15:48:46 INFO ContextCleaner: Cleaned accumulator 55
20/11/14 15:48:46 INFO ContextCleaner: Cleaned accumulator 58
20/11/14 15:48:46 INFO ContextCleaner: Cleaned accumulator 80
20/11/14 15:48:46 INFO ContextCleaner: Cleaned accumulator 83
20/11/14 15:48:46 INFO ContextCleaner: Cleaned accumulator 77
20/11/14 15:48:46 INFO ContextCleaner: Cleaned accumulator 92
20/11/14 15:48:46 INFO ContextCleaner: Cleaned accumulator 81
20/11/14 15:48:46 INFO ContextCleaner: Cleaned accumulator 89
20/11/14 15:48:46 INFO ContextCleaner: Cleaned accumulator 82
20/11/14 15:48:46 INFO ContextCleaner: Cleaned accumulator 54
20/11/14 15:48:46 INFO ContextCleaner: Cleaned accumulator 38
20/11/14 15:48:46 INFO ContextCleaner: Cleaned accumulator 60
20/11/14 15:48:46 INFO ContextCleaner: Cleaned accumulator 46
20/11/14 15:48:46 INFO ContextCleaner: Cleaned accumulator 36
20/11/14 15:48:46 INFO ContextCleaner: Cleaned shuffle 0
20/11/14 15:48:46 INFO ContextCleaner: Cleaned accumulator 70
20/11/14 15:48:46 INFO ContextCleaner: Cleaned accumulator 30
20/11/14 15:48:46 INFO ContextCleaner: Cleaned accumulator 78
20/11/14 15:48:46 INFO ContextCleaner: Cleaned accumulator 59
20/11/14 15:48:46 INFO ContextCleaner: Cleaned accumulator 44
20/11/14 15:48:46 INFO ContextCleaner: Cleaned accumulator 87
20/11/14 15:48:46 INFO BlockManagerInfo: Removed broadcast_2_piece0 on 192.168.1.10:52280 in memory (size: 3.9 KB, free: 2.7 GB)
20/11/14 15:48:46 INFO ContextCleaner: Cleaned accumulator 67
20/11/14 15:48:46 INFO ContextCleaner: Cleaned accumulator 84
20/11/14 15:48:46 INFO ContextCleaner: Cleaned accumulator 56
20/11/14 15:48:46 INFO ContextCleaner: Cleaned accumulator 52
20/11/14 15:48:50 WARN TaskSetManager: Stage 3 contains a task of very large size (477534 KB). The maximum recommended task size is 100 KB.
20/11/14 15:48:50 INFO TaskSetManager: Starting task 0.0 in stage 3.0 (TID 3, localhost, executor driver, partition 0, PROCESS_LOCAL, 488994851 bytes)
20/11/14 15:48:50 INFO Executor: Running task 0.0 in stage 3.0 (TID 3)
20/11/14 15:49:00 INFO BlockManager: Found block rdd_10_0 locally
20/11/14 15:49:00 INFO Executor: Finished task 0.0 in stage 3.0 (TID 3). 1827 bytes result sent to driver
20/11/14 15:49:00 INFO TaskSetManager: Finished task 0.0 in stage 3.0 (TID 3) in 16287 ms on localhost (executor driver) (1/1)
20/11/14 15:49:00 INFO TaskSchedulerImpl: Removed TaskSet 3.0, whose tasks have all completed, from pool 
20/11/14 15:49:00 INFO DAGScheduler: ShuffleMapStage 3 (collect at utils.scala:353) finished in 16.307 s
20/11/14 15:49:00 INFO DAGScheduler: looking for newly runnable stages
20/11/14 15:49:00 INFO DAGScheduler: running: Set()
20/11/14 15:49:00 INFO DAGScheduler: waiting: Set(ResultStage 4)
20/11/14 15:49:00 INFO DAGScheduler: failed: Set()
20/11/14 15:49:00 INFO DAGScheduler: Submitting ResultStage 4 (MapPartitionsRDD[26] at collect at utils.scala:353), which has no missing parents
20/11/14 15:49:00 INFO MemoryStore: Block broadcast_4 stored as values in memory (estimated size 7.3 KB, free 2.7 GB)
20/11/14 15:49:00 INFO MemoryStore: Block broadcast_4_piece0 stored as bytes in memory (estimated size 3.9 KB, free 2.7 GB)
20/11/14 15:49:00 INFO BlockManagerInfo: Added broadcast_4_piece0 in memory on 192.168.1.10:52280 (size: 3.9 KB, free: 2.7 GB)
20/11/14 15:49:00 INFO SparkContext: Created broadcast 4 from broadcast at DAGScheduler.scala:1163
20/11/14 15:49:00 INFO DAGScheduler: Submitting 1 missing tasks from ResultStage 4 (MapPartitionsRDD[26] at collect at utils.scala:353) (first 15 tasks are for partitions Vector(0))
20/11/14 15:49:00 INFO TaskSchedulerImpl: Adding task set 4.0 with 1 tasks
20/11/14 15:49:00 INFO TaskSetManager: Starting task 0.0 in stage 4.0 (TID 4, localhost, executor driver, partition 0, ANY, 7767 bytes)
20/11/14 15:49:00 INFO Executor: Running task 0.0 in stage 4.0 (TID 4)
20/11/14 15:49:00 INFO ShuffleBlockFetcherIterator: Getting 1 non-empty blocks including 1 local blocks and 0 remote blocks
20/11/14 15:49:00 INFO ShuffleBlockFetcherIterator: Started 0 remote fetches in 0 ms
20/11/14 15:49:00 INFO Executor: Finished task 0.0 in stage 4.0 (TID 4). 1781 bytes result sent to driver
20/11/14 15:49:00 INFO TaskSetManager: Finished task 0.0 in stage 4.0 (TID 4) in 9 ms on localhost (executor driver) (1/1)
20/11/14 15:49:00 INFO TaskSchedulerImpl: Removed TaskSet 4.0, whose tasks have all completed, from pool 
20/11/14 15:49:00 INFO DAGScheduler: ResultStage 4 (collect at utils.scala:353) finished in 0.017 s
20/11/14 15:49:00 INFO DAGScheduler: Job 2 finished: collect at utils.scala:353, took 16.332800 s
20/11/14 15:49:01 INFO HiveMetaStore: 0: get_database: default
20/11/14 15:49:01 INFO audit: ugi=spencer.matthews	ip=unknown-ip-addr	cmd=get_database: default	
20/11/14 15:49:01 INFO HiveMetaStore: 0: get_database: default
20/11/14 15:49:01 INFO audit: ugi=spencer.matthews	ip=unknown-ip-addr	cmd=get_database: default	
20/11/14 15:49:01 INFO HiveMetaStore: 0: get_tables: db=default pat=*
20/11/14 15:49:01 INFO audit: ugi=spencer.matthews	ip=unknown-ip-addr	cmd=get_tables: db=default pat=*	
20/11/14 15:49:01 INFO CodeGenerator: Code generated in 40.283097 ms
20/11/14 15:50:41 INFO HiveMetaStore: 0: get_database: default
20/11/14 15:50:41 INFO audit: ugi=spencer.matthews	ip=unknown-ip-addr	cmd=get_database: default	
20/11/14 15:50:41 INFO HiveMetaStore: 0: get_database: default
20/11/14 15:50:41 INFO audit: ugi=spencer.matthews	ip=unknown-ip-addr	cmd=get_database: default	
20/11/14 15:50:41 INFO HiveMetaStore: 0: get_tables: db=default pat=*
20/11/14 15:50:41 INFO audit: ugi=spencer.matthews	ip=unknown-ip-addr	cmd=get_tables: db=default pat=*	
20/11/14 15:50:41 INFO CodeGenerator: Code generated in 11.154483 ms
20/11/14 15:50:41 INFO SparkContext: Starting job: collect at utils.scala:43
20/11/14 15:50:41 INFO DAGScheduler: Got job 3 (collect at utils.scala:43) with 1 output partitions
20/11/14 15:50:41 INFO DAGScheduler: Final stage: ResultStage 5 (collect at utils.scala:43)
20/11/14 15:50:41 INFO DAGScheduler: Parents of final stage: List()
20/11/14 15:50:41 INFO DAGScheduler: Missing parents: List()
20/11/14 15:50:41 INFO DAGScheduler: Submitting ResultStage 5 (MapPartitionsRDD[32] at map at utils.scala:40), which has no missing parents
20/11/14 15:50:41 INFO MemoryStore: Block broadcast_5 stored as values in memory (estimated size 7.1 KB, free 2.7 GB)
20/11/14 15:50:41 INFO MemoryStore: Block broadcast_5_piece0 stored as bytes in memory (estimated size 4.1 KB, free 2.7 GB)
20/11/14 15:50:41 INFO BlockManagerInfo: Added broadcast_5_piece0 in memory on 192.168.1.10:52280 (size: 4.1 KB, free: 2.7 GB)
20/11/14 15:50:41 INFO SparkContext: Created broadcast 5 from broadcast at DAGScheduler.scala:1163
20/11/14 15:50:41 INFO DAGScheduler: Submitting 1 missing tasks from ResultStage 5 (MapPartitionsRDD[32] at map at utils.scala:40) (first 15 tasks are for partitions Vector(0))
20/11/14 15:50:41 INFO TaskSchedulerImpl: Adding task set 5.0 with 1 tasks
20/11/14 15:50:41 INFO TaskSetManager: Starting task 0.0 in stage 5.0 (TID 5, localhost, executor driver, partition 0, PROCESS_LOCAL, 8052 bytes)
20/11/14 15:50:41 INFO Executor: Running task 0.0 in stage 5.0 (TID 5)
20/11/14 15:50:41 INFO Executor: Finished task 0.0 in stage 5.0 (TID 5). 981 bytes result sent to driver
20/11/14 15:50:41 INFO TaskSetManager: Finished task 0.0 in stage 5.0 (TID 5) in 24 ms on localhost (executor driver) (1/1)
20/11/14 15:50:41 INFO TaskSchedulerImpl: Removed TaskSet 5.0, whose tasks have all completed, from pool 
20/11/14 15:50:41 INFO DAGScheduler: ResultStage 5 (collect at utils.scala:43) finished in 0.036 s
20/11/14 15:50:41 INFO DAGScheduler: Job 3 finished: collect at utils.scala:43, took 0.042125 s
20/11/14 15:50:49 INFO ContextCleaner: Cleaned accumulator 186
20/11/14 15:50:49 INFO ContextCleaner: Cleaned accumulator 164
20/11/14 15:50:49 INFO ContextCleaner: Cleaned accumulator 180
20/11/14 15:50:49 INFO ContextCleaner: Cleaned accumulator 170
20/11/14 15:50:49 INFO ContextCleaner: Cleaned accumulator 188
20/11/14 15:50:49 INFO ContextCleaner: Cleaned accumulator 163
20/11/14 15:50:49 INFO ContextCleaner: Cleaned accumulator 184
20/11/14 15:50:49 INFO BlockManagerInfo: Removed broadcast_4_piece0 on 192.168.1.10:52280 in memory (size: 3.9 KB, free: 2.7 GB)
20/11/14 15:50:49 INFO ContextCleaner: Cleaned accumulator 185
20/11/14 15:50:49 INFO ContextCleaner: Cleaned accumulator 178
20/11/14 15:50:49 INFO ContextCleaner: Cleaned accumulator 175
20/11/14 15:50:49 INFO ContextCleaner: Cleaned accumulator 162
20/11/14 15:50:49 INFO ContextCleaner: Cleaned accumulator 166
20/11/14 15:50:49 INFO ContextCleaner: Cleaned accumulator 172
20/11/14 15:50:49 INFO ContextCleaner: Cleaned accumulator 176
20/11/14 15:50:49 INFO ContextCleaner: Cleaned accumulator 173
20/11/14 15:50:49 INFO ContextCleaner: Cleaned accumulator 169
20/11/14 15:50:49 INFO ContextCleaner: Cleaned accumulator 174
20/11/14 15:50:49 INFO ContextCleaner: Cleaned accumulator 168
20/11/14 15:50:49 INFO ContextCleaner: Cleaned accumulator 179
20/11/14 15:50:49 INFO ContextCleaner: Cleaned accumulator 171
20/11/14 15:50:49 INFO ContextCleaner: Cleaned accumulator 187
20/11/14 15:50:49 INFO ContextCleaner: Cleaned accumulator 181
20/11/14 15:50:49 INFO ContextCleaner: Cleaned accumulator 165
20/11/14 15:50:49 INFO ContextCleaner: Cleaned accumulator 182
20/11/14 15:50:49 INFO ContextCleaner: Cleaned accumulator 183
20/11/14 15:50:49 INFO ContextCleaner: Cleaned accumulator 167
20/11/14 15:50:49 INFO BlockManagerInfo: Removed broadcast_5_piece0 on 192.168.1.10:52280 in memory (size: 4.1 KB, free: 2.7 GB)
20/11/14 15:50:49 INFO ContextCleaner: Cleaned accumulator 177
20/11/14 15:50:49 INFO ContextCleaner: Cleaned accumulator 122
20/11/14 15:50:49 INFO ContextCleaner: Cleaned accumulator 121
20/11/14 15:50:49 INFO ContextCleaner: Cleaned accumulator 154
20/11/14 15:50:49 INFO ContextCleaner: Cleaned accumulator 110
20/11/14 15:50:49 INFO ContextCleaner: Cleaned accumulator 128
20/11/14 15:50:49 INFO ContextCleaner: Cleaned accumulator 155
20/11/14 15:50:49 INFO ContextCleaner: Cleaned shuffle 1
20/11/14 15:50:49 INFO ContextCleaner: Cleaned accumulator 143
20/11/14 15:50:49 INFO ContextCleaner: Cleaned accumulator 104
20/11/14 15:50:49 INFO ContextCleaner: Cleaned accumulator 156
20/11/14 15:50:49 INFO ContextCleaner: Cleaned accumulator 111
20/11/14 15:50:49 INFO ContextCleaner: Cleaned accumulator 100
20/11/14 15:50:49 INFO ContextCleaner: Cleaned accumulator 118
20/11/14 15:50:49 INFO ContextCleaner: Cleaned accumulator 109
20/11/14 15:50:49 INFO ContextCleaner: Cleaned accumulator 133
20/11/14 15:50:49 INFO ContextCleaner: Cleaned accumulator 145
20/11/14 15:50:49 INFO ContextCleaner: Cleaned accumulator 149
20/11/14 15:50:49 INFO ContextCleaner: Cleaned accumulator 135
20/11/14 15:50:49 INFO ContextCleaner: Cleaned accumulator 161
20/11/14 15:50:49 INFO ContextCleaner: Cleaned accumulator 123
20/11/14 15:50:49 INFO ContextCleaner: Cleaned accumulator 137
20/11/14 15:50:49 INFO ContextCleaner: Cleaned accumulator 124
20/11/14 15:50:49 INFO ContextCleaner: Cleaned accumulator 107
20/11/14 15:50:49 INFO ContextCleaner: Cleaned accumulator 117
20/11/14 15:50:49 INFO ContextCleaner: Cleaned accumulator 113
20/11/14 15:50:49 INFO ContextCleaner: Cleaned accumulator 101
20/11/14 15:50:49 INFO ContextCleaner: Cleaned accumulator 150
20/11/14 15:50:49 INFO ContextCleaner: Cleaned accumulator 97
20/11/14 15:50:49 INFO ContextCleaner: Cleaned accumulator 136
20/11/14 15:50:49 INFO ContextCleaner: Cleaned accumulator 160
20/11/14 15:50:49 INFO ContextCleaner: Cleaned accumulator 114
20/11/14 15:50:49 INFO ContextCleaner: Cleaned accumulator 106
20/11/14 15:50:49 INFO ContextCleaner: Cleaned accumulator 108
20/11/14 15:50:49 INFO ContextCleaner: Cleaned accumulator 148
20/11/14 15:50:49 INFO ContextCleaner: Cleaned accumulator 146
20/11/14 15:50:49 INFO ContextCleaner: Cleaned accumulator 134
20/11/14 15:50:49 INFO BlockManagerInfo: Removed broadcast_3_piece0 on 192.168.1.10:52280 in memory (size: 21.9 KB, free: 2.7 GB)
20/11/14 15:50:49 INFO ContextCleaner: Cleaned accumulator 116
20/11/14 15:50:49 INFO ContextCleaner: Cleaned accumulator 147
20/11/14 15:50:49 INFO ContextCleaner: Cleaned accumulator 141
20/11/14 15:50:49 INFO ContextCleaner: Cleaned accumulator 131
20/11/14 15:50:49 INFO ContextCleaner: Cleaned accumulator 112
20/11/14 15:50:49 INFO ContextCleaner: Cleaned accumulator 140
20/11/14 15:50:49 INFO ContextCleaner: Cleaned accumulator 120
20/11/14 15:50:49 INFO ContextCleaner: Cleaned accumulator 153
20/11/14 15:50:49 INFO ContextCleaner: Cleaned accumulator 127
20/11/14 15:50:49 INFO ContextCleaner: Cleaned accumulator 98
20/11/14 15:50:49 INFO ContextCleaner: Cleaned accumulator 129
20/11/14 15:50:49 INFO ContextCleaner: Cleaned accumulator 159
20/11/14 15:50:49 INFO ContextCleaner: Cleaned accumulator 132
20/11/14 15:50:49 INFO ContextCleaner: Cleaned accumulator 99
20/11/14 15:50:49 INFO ContextCleaner: Cleaned accumulator 119
20/11/14 15:50:49 INFO ContextCleaner: Cleaned accumulator 138
20/11/14 15:50:49 INFO ContextCleaner: Cleaned accumulator 157
20/11/14 15:50:49 INFO ContextCleaner: Cleaned accumulator 103
20/11/14 15:50:49 INFO ContextCleaner: Cleaned accumulator 126
20/11/14 15:50:49 INFO ContextCleaner: Cleaned accumulator 125
20/11/14 15:50:49 INFO ContextCleaner: Cleaned accumulator 115
20/11/14 15:50:49 INFO ContextCleaner: Cleaned accumulator 130
20/11/14 15:50:49 INFO ContextCleaner: Cleaned accumulator 105
20/11/14 15:50:49 INFO ContextCleaner: Cleaned accumulator 102
20/11/14 15:50:49 INFO ContextCleaner: Cleaned accumulator 152
20/11/14 15:50:49 INFO ContextCleaner: Cleaned accumulator 158
20/11/14 15:50:49 INFO ContextCleaner: Cleaned accumulator 151
20/11/14 15:50:49 INFO ContextCleaner: Cleaned accumulator 144
20/11/14 15:50:49 INFO ContextCleaner: Cleaned accumulator 142
20/11/14 15:50:49 INFO ContextCleaner: Cleaned accumulator 139
20/11/14 15:50:49 INFO InMemoryFileIndex: It took 39 ms to list leaf files for 1 paths.
20/11/14 15:50:49 INFO InMemoryFileIndex: It took 2 ms to list leaf files for 1 paths.
20/11/14 15:50:50 INFO FileSourceStrategy: Pruning directories with: 
20/11/14 15:50:50 INFO FileSourceStrategy: Post-Scan Filters: (length(trim(value#1142, None)) > 0)
20/11/14 15:50:50 INFO FileSourceStrategy: Output Data Schema: struct<value: string>
20/11/14 15:50:50 INFO FileSourceScanExec: Pushed Filters: 
20/11/14 15:50:50 INFO CodeGenerator: Code generated in 11.023544 ms
20/11/14 15:50:50 INFO CodeGenerator: Code generated in 13.743009 ms
20/11/14 15:50:50 INFO MemoryStore: Block broadcast_6 stored as values in memory (estimated size 282.3 KB, free 2.7 GB)
20/11/14 15:50:50 INFO MemoryStore: Block broadcast_6_piece0 stored as bytes in memory (estimated size 23.9 KB, free 2.7 GB)
20/11/14 15:50:50 INFO BlockManagerInfo: Added broadcast_6_piece0 in memory on 192.168.1.10:52280 (size: 23.9 KB, free: 2.7 GB)
20/11/14 15:50:50 INFO SparkContext: Created broadcast 6 from csv at NativeMethodAccessorImpl.java:0
20/11/14 15:50:50 INFO FileSourceScanExec: Planning scan with bin packing, max size: 122317750 bytes, open cost is considered as scanning 4194304 bytes.
20/11/14 15:50:50 INFO SparkContext: Starting job: csv at NativeMethodAccessorImpl.java:0
20/11/14 15:50:50 INFO DAGScheduler: Got job 4 (csv at NativeMethodAccessorImpl.java:0) with 1 output partitions
20/11/14 15:50:50 INFO DAGScheduler: Final stage: ResultStage 6 (csv at NativeMethodAccessorImpl.java:0)
20/11/14 15:50:50 INFO DAGScheduler: Parents of final stage: List()
20/11/14 15:50:50 INFO DAGScheduler: Missing parents: List()
20/11/14 15:50:50 INFO DAGScheduler: Submitting ResultStage 6 (MapPartitionsRDD[36] at csv at NativeMethodAccessorImpl.java:0), which has no missing parents
20/11/14 15:50:50 INFO MemoryStore: Block broadcast_7 stored as values in memory (estimated size 8.9 KB, free 2.7 GB)
20/11/14 15:50:50 INFO MemoryStore: Block broadcast_7_piece0 stored as bytes in memory (estimated size 4.6 KB, free 2.7 GB)
20/11/14 15:50:50 INFO BlockManagerInfo: Added broadcast_7_piece0 in memory on 192.168.1.10:52280 (size: 4.6 KB, free: 2.7 GB)
20/11/14 15:50:50 INFO SparkContext: Created broadcast 7 from broadcast at DAGScheduler.scala:1163
20/11/14 15:50:50 INFO DAGScheduler: Submitting 1 missing tasks from ResultStage 6 (MapPartitionsRDD[36] at csv at NativeMethodAccessorImpl.java:0) (first 15 tasks are for partitions Vector(0))
20/11/14 15:50:50 INFO TaskSchedulerImpl: Adding task set 6.0 with 1 tasks
20/11/14 15:50:50 INFO TaskSetManager: Starting task 0.0 in stage 6.0 (TID 6, localhost, executor driver, partition 0, PROCESS_LOCAL, 8294 bytes)
20/11/14 15:50:50 INFO Executor: Running task 0.0 in stage 6.0 (TID 6)
20/11/14 15:50:50 INFO FileScanRDD: Reading File path: file:///Users/spencer.matthews/Documents/Research/Hartman/Data/CAS_RAW_1_1.txt, range: 0-122317750, partition values: [empty row]
20/11/14 15:50:50 INFO CodeGenerator: Code generated in 9.384905 ms
20/11/14 15:50:50 INFO Executor: Finished task 0.0 in stage 6.0 (TID 6). 1495 bytes result sent to driver
20/11/14 15:50:50 INFO TaskSetManager: Finished task 0.0 in stage 6.0 (TID 6) in 112 ms on localhost (executor driver) (1/1)
20/11/14 15:50:50 INFO TaskSchedulerImpl: Removed TaskSet 6.0, whose tasks have all completed, from pool 
20/11/14 15:50:50 INFO DAGScheduler: ResultStage 6 (csv at NativeMethodAccessorImpl.java:0) finished in 0.124 s
20/11/14 15:50:50 INFO DAGScheduler: Job 4 finished: csv at NativeMethodAccessorImpl.java:0, took 0.138230 s
20/11/14 15:50:50 INFO FileSourceStrategy: Pruning directories with: 
20/11/14 15:50:50 INFO FileSourceStrategy: Post-Scan Filters: 
20/11/14 15:50:50 INFO FileSourceStrategy: Output Data Schema: struct<value: string>
20/11/14 15:50:50 INFO FileSourceScanExec: Pushed Filters: 
20/11/14 15:50:50 INFO CodeGenerator: Code generated in 8.317005 ms
20/11/14 15:50:50 INFO MemoryStore: Block broadcast_8 stored as values in memory (estimated size 282.3 KB, free 2.7 GB)
20/11/14 15:50:50 INFO MemoryStore: Block broadcast_8_piece0 stored as bytes in memory (estimated size 23.9 KB, free 2.7 GB)
20/11/14 15:50:50 INFO BlockManagerInfo: Added broadcast_8_piece0 in memory on 192.168.1.10:52280 (size: 23.9 KB, free: 2.7 GB)
20/11/14 15:50:50 INFO SparkContext: Created broadcast 8 from csv at NativeMethodAccessorImpl.java:0
20/11/14 15:50:50 INFO FileSourceScanExec: Planning scan with bin packing, max size: 122317750 bytes, open cost is considered as scanning 4194304 bytes.
20/11/14 15:50:50 INFO HiveMetaStore: 0: get_database: default
20/11/14 15:50:50 INFO audit: ugi=spencer.matthews	ip=unknown-ip-addr	cmd=get_database: default	
20/11/14 15:50:51 INFO HiveMetaStore: 0: get_database: default
20/11/14 15:50:51 INFO audit: ugi=spencer.matthews	ip=unknown-ip-addr	cmd=get_database: default	
20/11/14 15:50:51 INFO HiveMetaStore: 0: get_tables: db=default pat=*
20/11/14 15:50:51 INFO audit: ugi=spencer.matthews	ip=unknown-ip-addr	cmd=get_tables: db=default pat=*	
20/11/14 15:50:51 INFO FileSourceStrategy: Pruning directories with: 
20/11/14 15:50:51 INFO FileSourceStrategy: Post-Scan Filters: 
20/11/14 15:50:51 INFO FileSourceStrategy: Output Data Schema: struct<EARNED_EXPOSURE: string, ULTIMATE_AMOUNT: string, ULTIMATE_CLAIM_COUNT: string, _VAR1: string, _VAR2: string ... 47 more fields>
20/11/14 15:50:51 INFO FileSourceScanExec: Pushed Filters: 
20/11/14 15:50:51 INFO CodeGenerator: Code generated in 34.078406 ms
20/11/14 15:50:51 INFO MemoryStore: Block broadcast_9 stored as values in memory (estimated size 282.3 KB, free 2.7 GB)
20/11/14 15:50:51 INFO MemoryStore: Block broadcast_9_piece0 stored as bytes in memory (estimated size 23.9 KB, free 2.7 GB)
20/11/14 15:50:51 INFO BlockManagerInfo: Added broadcast_9_piece0 in memory on 192.168.1.10:52280 (size: 23.9 KB, free: 2.7 GB)
20/11/14 15:50:51 INFO SparkContext: Created broadcast 9 from sql at NativeMethodAccessorImpl.java:0
20/11/14 15:50:51 INFO FileSourceScanExec: Planning scan with bin packing, max size: 122317750 bytes, open cost is considered as scanning 4194304 bytes.
20/11/14 15:50:51 INFO SparkContext: Starting job: sql at NativeMethodAccessorImpl.java:0
20/11/14 15:50:51 INFO DAGScheduler: Registering RDD 50 (sql at NativeMethodAccessorImpl.java:0) as input to shuffle 2
20/11/14 15:50:51 INFO DAGScheduler: Got job 5 (sql at NativeMethodAccessorImpl.java:0) with 1 output partitions
20/11/14 15:50:51 INFO DAGScheduler: Final stage: ResultStage 8 (sql at NativeMethodAccessorImpl.java:0)
20/11/14 15:50:51 INFO DAGScheduler: Parents of final stage: List(ShuffleMapStage 7)
20/11/14 15:50:51 INFO DAGScheduler: Missing parents: List(ShuffleMapStage 7)
20/11/14 15:50:51 INFO DAGScheduler: Submitting ShuffleMapStage 7 (MapPartitionsRDD[50] at sql at NativeMethodAccessorImpl.java:0), which has no missing parents
20/11/14 15:50:51 INFO MemoryStore: Block broadcast_10 stored as values in memory (estimated size 65.4 KB, free 2.7 GB)
20/11/14 15:50:51 INFO MemoryStore: Block broadcast_10_piece0 stored as bytes in memory (estimated size 24.4 KB, free 2.7 GB)
20/11/14 15:50:51 INFO BlockManagerInfo: Added broadcast_10_piece0 in memory on 192.168.1.10:52280 (size: 24.4 KB, free: 2.7 GB)
20/11/14 15:50:51 INFO SparkContext: Created broadcast 10 from broadcast at DAGScheduler.scala:1163
20/11/14 15:50:51 INFO DAGScheduler: Submitting 4 missing tasks from ShuffleMapStage 7 (MapPartitionsRDD[50] at sql at NativeMethodAccessorImpl.java:0) (first 15 tasks are for partitions Vector(0, 1, 2, 3))
20/11/14 15:50:51 INFO TaskSchedulerImpl: Adding task set 7.0 with 4 tasks
20/11/14 15:50:51 INFO TaskSetManager: Starting task 0.0 in stage 7.0 (TID 7, localhost, executor driver, partition 0, PROCESS_LOCAL, 8283 bytes)
20/11/14 15:50:51 INFO TaskSetManager: Starting task 1.0 in stage 7.0 (TID 8, localhost, executor driver, partition 1, PROCESS_LOCAL, 8283 bytes)
20/11/14 15:50:51 INFO TaskSetManager: Starting task 2.0 in stage 7.0 (TID 9, localhost, executor driver, partition 2, PROCESS_LOCAL, 8283 bytes)
20/11/14 15:50:51 INFO TaskSetManager: Starting task 3.0 in stage 7.0 (TID 10, localhost, executor driver, partition 3, PROCESS_LOCAL, 8283 bytes)
20/11/14 15:50:51 INFO Executor: Running task 0.0 in stage 7.0 (TID 7)
20/11/14 15:50:51 INFO Executor: Running task 1.0 in stage 7.0 (TID 8)
20/11/14 15:50:51 INFO Executor: Running task 3.0 in stage 7.0 (TID 10)
20/11/14 15:50:51 INFO Executor: Running task 2.0 in stage 7.0 (TID 9)
20/11/14 15:50:51 INFO FileScanRDD: Reading File path: file:///Users/spencer.matthews/Documents/Research/Hartman/Data/CAS_RAW_1_1.txt, range: 0-122317750, partition values: [empty row]
20/11/14 15:50:51 INFO FileScanRDD: Reading File path: file:///Users/spencer.matthews/Documents/Research/Hartman/Data/CAS_RAW_1_1.txt, range: 244635500-366953250, partition values: [empty row]
20/11/14 15:50:51 INFO FileScanRDD: Reading File path: file:///Users/spencer.matthews/Documents/Research/Hartman/Data/CAS_RAW_1_1.txt, range: 122317750-244635500, partition values: [empty row]
20/11/14 15:50:51 INFO FileScanRDD: Reading File path: file:///Users/spencer.matthews/Documents/Research/Hartman/Data/CAS_RAW_1_1.txt, range: 366953250-485076699, partition values: [empty row]
20/11/14 15:50:51 INFO CodeGenerator: Code generated in 49.342218 ms
20/11/14 15:50:52 INFO ContextCleaner: Cleaned accumulator 224
20/11/14 15:50:52 INFO ContextCleaner: Cleaned accumulator 202
20/11/14 15:50:52 INFO ContextCleaner: Cleaned accumulator 194
20/11/14 15:50:52 INFO ContextCleaner: Cleaned accumulator 198
20/11/14 15:50:52 INFO ContextCleaner: Cleaned accumulator 190
20/11/14 15:50:52 INFO ContextCleaner: Cleaned accumulator 199
20/11/14 15:50:52 INFO ContextCleaner: Cleaned accumulator 222
20/11/14 15:50:52 INFO ContextCleaner: Cleaned accumulator 203
20/11/14 15:50:52 INFO ContextCleaner: Cleaned accumulator 215
20/11/14 15:50:52 INFO ContextCleaner: Cleaned accumulator 227
20/11/14 15:50:52 INFO ContextCleaner: Cleaned accumulator 216
20/11/14 15:50:52 INFO ContextCleaner: Cleaned accumulator 218
20/11/14 15:50:52 INFO BlockManagerInfo: Removed broadcast_6_piece0 on 192.168.1.10:52280 in memory (size: 23.9 KB, free: 2.7 GB)
20/11/14 15:50:52 INFO ContextCleaner: Cleaned accumulator 209
20/11/14 15:50:52 INFO ContextCleaner: Cleaned accumulator 214
20/11/14 15:50:52 INFO BlockManagerInfo: Removed broadcast_7_piece0 on 192.168.1.10:52280 in memory (size: 4.6 KB, free: 2.7 GB)
20/11/14 15:50:52 INFO BlockManagerInfo: Removed broadcast_8_piece0 on 192.168.1.10:52280 in memory (size: 23.9 KB, free: 2.7 GB)
20/11/14 15:50:52 INFO ContextCleaner: Cleaned accumulator 220
20/11/14 15:50:52 INFO ContextCleaner: Cleaned accumulator 206
20/11/14 15:50:52 INFO ContextCleaner: Cleaned accumulator 197
20/11/14 15:50:52 INFO ContextCleaner: Cleaned accumulator 211
20/11/14 15:50:52 INFO ContextCleaner: Cleaned accumulator 223
20/11/14 15:50:52 INFO ContextCleaner: Cleaned accumulator 210
20/11/14 15:50:52 INFO ContextCleaner: Cleaned accumulator 225
20/11/14 15:50:52 INFO ContextCleaner: Cleaned accumulator 195
20/11/14 15:50:52 INFO ContextCleaner: Cleaned accumulator 212
20/11/14 15:50:52 INFO ContextCleaner: Cleaned accumulator 221
20/11/14 15:50:52 INFO ContextCleaner: Cleaned accumulator 191
20/11/14 15:50:52 INFO ContextCleaner: Cleaned accumulator 189
20/11/14 15:50:52 INFO ContextCleaner: Cleaned accumulator 196
20/11/14 15:50:52 INFO ContextCleaner: Cleaned accumulator 208
20/11/14 15:50:52 INFO ContextCleaner: Cleaned accumulator 204
20/11/14 15:50:52 INFO ContextCleaner: Cleaned accumulator 213
20/11/14 15:50:52 INFO ContextCleaner: Cleaned accumulator 205
20/11/14 15:50:52 INFO ContextCleaner: Cleaned accumulator 200
20/11/14 15:50:52 INFO ContextCleaner: Cleaned accumulator 219
20/11/14 15:50:52 INFO ContextCleaner: Cleaned accumulator 192
20/11/14 15:50:52 INFO ContextCleaner: Cleaned accumulator 193
20/11/14 15:50:52 INFO ContextCleaner: Cleaned accumulator 201
20/11/14 15:50:52 INFO ContextCleaner: Cleaned accumulator 207
20/11/14 15:50:52 INFO ContextCleaner: Cleaned accumulator 217
20/11/14 15:51:53 INFO MemoryStore: Block rdd_45_3 stored as values in memory (estimated size 50.6 MB, free 2.7 GB)
20/11/14 15:51:53 INFO BlockManagerInfo: Added rdd_45_3 in memory on 192.168.1.10:52280 (size: 50.6 MB, free: 2.7 GB)
20/11/14 15:51:54 INFO Executor: Finished task 3.0 in stage 7.0 (TID 10). 1917 bytes result sent to driver
20/11/14 15:51:54 INFO TaskSetManager: Finished task 3.0 in stage 7.0 (TID 10) in 62401 ms on localhost (executor driver) (1/4)
20/11/14 15:51:55 INFO MemoryStore: Block rdd_45_1 stored as values in memory (estimated size 52.8 MB, free 2.6 GB)
20/11/14 15:51:55 INFO BlockManagerInfo: Added rdd_45_1 in memory on 192.168.1.10:52280 (size: 52.8 MB, free: 2.6 GB)
20/11/14 15:51:55 INFO Executor: Finished task 1.0 in stage 7.0 (TID 8). 1917 bytes result sent to driver
20/11/14 15:51:55 INFO TaskSetManager: Finished task 1.0 in stage 7.0 (TID 8) in 64211 ms on localhost (executor driver) (2/4)
20/11/14 15:51:56 INFO MemoryStore: Block rdd_45_2 stored as values in memory (estimated size 53.0 MB, free 2.6 GB)
20/11/14 15:51:56 INFO BlockManagerInfo: Added rdd_45_2 in memory on 192.168.1.10:52280 (size: 53.0 MB, free: 2.6 GB)
20/11/14 15:51:56 INFO Executor: Finished task 2.0 in stage 7.0 (TID 9). 1917 bytes result sent to driver
20/11/14 15:51:56 INFO TaskSetManager: Finished task 2.0 in stage 7.0 (TID 9) in 64580 ms on localhost (executor driver) (3/4)
20/11/14 15:51:56 INFO MemoryStore: Block rdd_45_0 stored as values in memory (estimated size 52.2 MB, free 2.5 GB)
20/11/14 15:51:56 INFO BlockManagerInfo: Added rdd_45_0 in memory on 192.168.1.10:52280 (size: 52.2 MB, free: 2.5 GB)
20/11/14 15:51:56 INFO Executor: Finished task 0.0 in stage 7.0 (TID 7). 1917 bytes result sent to driver
20/11/14 15:51:56 INFO TaskSetManager: Finished task 0.0 in stage 7.0 (TID 7) in 64624 ms on localhost (executor driver) (4/4)
20/11/14 15:51:56 INFO TaskSchedulerImpl: Removed TaskSet 7.0, whose tasks have all completed, from pool 
20/11/14 15:51:56 INFO DAGScheduler: ShuffleMapStage 7 (sql at NativeMethodAccessorImpl.java:0) finished in 64.659 s
20/11/14 15:51:56 INFO DAGScheduler: looking for newly runnable stages
20/11/14 15:51:56 INFO DAGScheduler: running: Set()
20/11/14 15:51:56 INFO DAGScheduler: waiting: Set(ResultStage 8)
20/11/14 15:51:56 INFO DAGScheduler: failed: Set()
20/11/14 15:51:56 INFO DAGScheduler: Submitting ResultStage 8 (MapPartitionsRDD[53] at sql at NativeMethodAccessorImpl.java:0), which has no missing parents
20/11/14 15:51:56 INFO MemoryStore: Block broadcast_11 stored as values in memory (estimated size 7.3 KB, free 2.5 GB)
20/11/14 15:51:56 INFO MemoryStore: Block broadcast_11_piece0 stored as bytes in memory (estimated size 3.9 KB, free 2.5 GB)
20/11/14 15:51:56 INFO BlockManagerInfo: Added broadcast_11_piece0 in memory on 192.168.1.10:52280 (size: 3.9 KB, free: 2.5 GB)
20/11/14 15:51:56 INFO SparkContext: Created broadcast 11 from broadcast at DAGScheduler.scala:1163
20/11/14 15:51:56 INFO DAGScheduler: Submitting 1 missing tasks from ResultStage 8 (MapPartitionsRDD[53] at sql at NativeMethodAccessorImpl.java:0) (first 15 tasks are for partitions Vector(0))
20/11/14 15:51:56 INFO TaskSchedulerImpl: Adding task set 8.0 with 1 tasks
20/11/14 15:51:56 INFO TaskSetManager: Starting task 0.0 in stage 8.0 (TID 11, localhost, executor driver, partition 0, ANY, 7767 bytes)
20/11/14 15:51:56 INFO Executor: Running task 0.0 in stage 8.0 (TID 11)
20/11/14 15:51:56 INFO ShuffleBlockFetcherIterator: Getting 4 non-empty blocks including 4 local blocks and 0 remote blocks
20/11/14 15:51:56 INFO ShuffleBlockFetcherIterator: Started 0 remote fetches in 0 ms
20/11/14 15:51:56 INFO Executor: Finished task 0.0 in stage 8.0 (TID 11). 1824 bytes result sent to driver
20/11/14 15:51:56 INFO TaskSetManager: Finished task 0.0 in stage 8.0 (TID 11) in 9 ms on localhost (executor driver) (1/1)
20/11/14 15:51:56 INFO TaskSchedulerImpl: Removed TaskSet 8.0, whose tasks have all completed, from pool 
20/11/14 15:51:56 INFO DAGScheduler: ResultStage 8 (sql at NativeMethodAccessorImpl.java:0) finished in 0.018 s
20/11/14 15:51:56 INFO DAGScheduler: Job 5 finished: sql at NativeMethodAccessorImpl.java:0, took 64.685372 s
20/11/14 15:51:56 INFO SparkContext: Starting job: collect at utils.scala:353
20/11/14 15:51:56 INFO DAGScheduler: Registering RDD 58 (collect at utils.scala:353) as input to shuffle 3
20/11/14 15:51:56 INFO DAGScheduler: Got job 6 (collect at utils.scala:353) with 1 output partitions
20/11/14 15:51:56 INFO DAGScheduler: Final stage: ResultStage 10 (collect at utils.scala:353)
20/11/14 15:51:56 INFO DAGScheduler: Parents of final stage: List(ShuffleMapStage 9)
20/11/14 15:51:56 INFO DAGScheduler: Missing parents: List(ShuffleMapStage 9)
20/11/14 15:51:56 INFO DAGScheduler: Submitting ShuffleMapStage 9 (MapPartitionsRDD[58] at collect at utils.scala:353), which has no missing parents
20/11/14 15:51:56 INFO MemoryStore: Block broadcast_12 stored as values in memory (estimated size 65.4 KB, free 2.5 GB)
20/11/14 15:51:56 INFO MemoryStore: Block broadcast_12_piece0 stored as bytes in memory (estimated size 24.3 KB, free 2.5 GB)
20/11/14 15:51:56 INFO BlockManagerInfo: Added broadcast_12_piece0 in memory on 192.168.1.10:52280 (size: 24.3 KB, free: 2.5 GB)
20/11/14 15:51:56 INFO SparkContext: Created broadcast 12 from broadcast at DAGScheduler.scala:1163
20/11/14 15:51:56 INFO DAGScheduler: Submitting 4 missing tasks from ShuffleMapStage 9 (MapPartitionsRDD[58] at collect at utils.scala:353) (first 15 tasks are for partitions Vector(0, 1, 2, 3))
20/11/14 15:51:56 INFO TaskSchedulerImpl: Adding task set 9.0 with 4 tasks
20/11/14 15:51:56 INFO TaskSetManager: Starting task 0.0 in stage 9.0 (TID 12, localhost, executor driver, partition 0, PROCESS_LOCAL, 8283 bytes)
20/11/14 15:51:56 INFO TaskSetManager: Starting task 1.0 in stage 9.0 (TID 13, localhost, executor driver, partition 1, PROCESS_LOCAL, 8283 bytes)
20/11/14 15:51:56 INFO TaskSetManager: Starting task 2.0 in stage 9.0 (TID 14, localhost, executor driver, partition 2, PROCESS_LOCAL, 8283 bytes)
20/11/14 15:51:56 INFO TaskSetManager: Starting task 3.0 in stage 9.0 (TID 15, localhost, executor driver, partition 3, PROCESS_LOCAL, 8283 bytes)
20/11/14 15:51:56 INFO Executor: Running task 3.0 in stage 9.0 (TID 15)
20/11/14 15:51:56 INFO Executor: Running task 2.0 in stage 9.0 (TID 14)
20/11/14 15:51:56 INFO BlockManager: Found block rdd_45_3 locally
20/11/14 15:51:56 INFO Executor: Running task 0.0 in stage 9.0 (TID 12)
20/11/14 15:51:56 INFO BlockManager: Found block rdd_45_2 locally
20/11/14 15:51:56 INFO Executor: Finished task 3.0 in stage 9.0 (TID 15). 1874 bytes result sent to driver
20/11/14 15:51:56 INFO TaskSetManager: Finished task 3.0 in stage 9.0 (TID 15) in 21 ms on localhost (executor driver) (1/4)
20/11/14 15:51:56 INFO Executor: Running task 1.0 in stage 9.0 (TID 13)
20/11/14 15:51:56 INFO Executor: Finished task 2.0 in stage 9.0 (TID 14). 1874 bytes result sent to driver
20/11/14 15:51:56 INFO TaskSetManager: Finished task 2.0 in stage 9.0 (TID 14) in 28 ms on localhost (executor driver) (2/4)
20/11/14 15:51:56 INFO BlockManager: Found block rdd_45_0 locally
20/11/14 15:51:56 INFO BlockManager: Found block rdd_45_1 locally
20/11/14 15:51:56 INFO Executor: Finished task 0.0 in stage 9.0 (TID 12). 1874 bytes result sent to driver
20/11/14 15:51:56 INFO TaskSetManager: Finished task 0.0 in stage 9.0 (TID 12) in 51 ms on localhost (executor driver) (3/4)
20/11/14 15:51:56 INFO Executor: Finished task 1.0 in stage 9.0 (TID 13). 1917 bytes result sent to driver
20/11/14 15:51:56 INFO TaskSetManager: Finished task 1.0 in stage 9.0 (TID 13) in 52 ms on localhost (executor driver) (4/4)
20/11/14 15:51:56 INFO TaskSchedulerImpl: Removed TaskSet 9.0, whose tasks have all completed, from pool 
20/11/14 15:51:56 INFO DAGScheduler: ShuffleMapStage 9 (collect at utils.scala:353) finished in 0.068 s
20/11/14 15:51:56 INFO DAGScheduler: looking for newly runnable stages
20/11/14 15:51:56 INFO DAGScheduler: running: Set()
20/11/14 15:51:56 INFO DAGScheduler: waiting: Set(ResultStage 10)
20/11/14 15:51:56 INFO DAGScheduler: failed: Set()
20/11/14 15:51:56 INFO DAGScheduler: Submitting ResultStage 10 (MapPartitionsRDD[61] at collect at utils.scala:353), which has no missing parents
20/11/14 15:51:56 INFO MemoryStore: Block broadcast_13 stored as values in memory (estimated size 7.3 KB, free 2.5 GB)
20/11/14 15:51:56 INFO MemoryStore: Block broadcast_13_piece0 stored as bytes in memory (estimated size 3.9 KB, free 2.5 GB)
20/11/14 15:51:56 INFO BlockManagerInfo: Added broadcast_13_piece0 in memory on 192.168.1.10:52280 (size: 3.9 KB, free: 2.5 GB)
20/11/14 15:51:56 INFO SparkContext: Created broadcast 13 from broadcast at DAGScheduler.scala:1163
20/11/14 15:51:56 INFO DAGScheduler: Submitting 1 missing tasks from ResultStage 10 (MapPartitionsRDD[61] at collect at utils.scala:353) (first 15 tasks are for partitions Vector(0))
20/11/14 15:51:56 INFO TaskSchedulerImpl: Adding task set 10.0 with 1 tasks
20/11/14 15:51:56 INFO TaskSetManager: Starting task 0.0 in stage 10.0 (TID 16, localhost, executor driver, partition 0, ANY, 7767 bytes)
20/11/14 15:51:56 INFO Executor: Running task 0.0 in stage 10.0 (TID 16)
20/11/14 15:51:56 INFO ShuffleBlockFetcherIterator: Getting 4 non-empty blocks including 4 local blocks and 0 remote blocks
20/11/14 15:51:56 INFO ShuffleBlockFetcherIterator: Started 0 remote fetches in 1 ms
20/11/14 15:51:56 INFO Executor: Finished task 0.0 in stage 10.0 (TID 16). 1781 bytes result sent to driver
20/11/14 15:51:56 INFO TaskSetManager: Finished task 0.0 in stage 10.0 (TID 16) in 13 ms on localhost (executor driver) (1/1)
20/11/14 15:51:56 INFO TaskSchedulerImpl: Removed TaskSet 10.0, whose tasks have all completed, from pool 
20/11/14 15:51:56 INFO DAGScheduler: ResultStage 10 (collect at utils.scala:353) finished in 0.022 s
20/11/14 15:51:56 INFO DAGScheduler: Job 6 finished: collect at utils.scala:353, took 0.097126 s
20/11/14 15:51:56 INFO HiveMetaStore: 0: get_database: default
20/11/14 15:51:56 INFO audit: ugi=spencer.matthews	ip=unknown-ip-addr	cmd=get_database: default	
20/11/14 15:51:56 INFO HiveMetaStore: 0: get_database: default
20/11/14 15:51:56 INFO audit: ugi=spencer.matthews	ip=unknown-ip-addr	cmd=get_database: default	
20/11/14 15:51:56 INFO HiveMetaStore: 0: get_tables: db=default pat=*
20/11/14 15:51:56 INFO audit: ugi=spencer.matthews	ip=unknown-ip-addr	cmd=get_tables: db=default pat=*	
20/11/14 15:53:23 INFO CodeGenerator: Code generated in 62.935511 ms
20/11/14 15:53:23 INFO SparkContext: Starting job: collect at utils.scala:353
20/11/14 15:53:23 INFO DAGScheduler: Got job 7 (collect at utils.scala:353) with 1 output partitions
20/11/14 15:53:23 INFO DAGScheduler: Final stage: ResultStage 11 (collect at utils.scala:353)
20/11/14 15:53:23 INFO DAGScheduler: Parents of final stage: List()
20/11/14 15:53:23 INFO DAGScheduler: Missing parents: List()
20/11/14 15:53:23 INFO DAGScheduler: Submitting ResultStage 11 (MapPartitionsRDD[66] at collect at utils.scala:353), which has no missing parents
20/11/14 15:53:23 INFO MemoryStore: Block broadcast_14 stored as values in memory (estimated size 62.0 KB, free 2.5 GB)
20/11/14 15:53:23 INFO MemoryStore: Block broadcast_14_piece0 stored as bytes in memory (estimated size 22.8 KB, free 2.5 GB)
20/11/14 15:53:23 INFO BlockManagerInfo: Added broadcast_14_piece0 in memory on 192.168.1.10:52280 (size: 22.8 KB, free: 2.5 GB)
20/11/14 15:53:23 INFO SparkContext: Created broadcast 14 from broadcast at DAGScheduler.scala:1163
20/11/14 15:53:23 INFO DAGScheduler: Submitting 1 missing tasks from ResultStage 11 (MapPartitionsRDD[66] at collect at utils.scala:353) (first 15 tasks are for partitions Vector(0))
20/11/14 15:53:23 INFO TaskSchedulerImpl: Adding task set 11.0 with 1 tasks
20/11/14 15:53:23 INFO TaskSetManager: Starting task 0.0 in stage 11.0 (TID 17, localhost, executor driver, partition 0, PROCESS_LOCAL, 8294 bytes)
20/11/14 15:53:23 INFO Executor: Running task 0.0 in stage 11.0 (TID 17)
20/11/14 15:53:23 INFO BlockManager: Found block rdd_45_0 locally
20/11/14 15:53:23 INFO CodeGenerator: Code generated in 61.516916 ms
20/11/14 15:53:23 INFO Executor: 1 block locks were not released by TID = 17:
[rdd_45_0]
20/11/14 15:53:23 INFO Executor: Finished task 0.0 in stage 11.0 (TID 17). 2224 bytes result sent to driver
20/11/14 15:53:23 INFO TaskSetManager: Finished task 0.0 in stage 11.0 (TID 17) in 163 ms on localhost (executor driver) (1/1)
20/11/14 15:53:23 INFO TaskSchedulerImpl: Removed TaskSet 11.0, whose tasks have all completed, from pool 
20/11/14 15:53:23 INFO DAGScheduler: ResultStage 11 (collect at utils.scala:353) finished in 0.187 s
20/11/14 15:53:23 INFO DAGScheduler: Job 7 finished: collect at utils.scala:353, took 0.198280 s
20/11/14 15:53:27 INFO CodeGenerator: Code generated in 30.483492 ms
20/11/14 15:53:27 INFO SparkContext: Starting job: collect at utils.scala:353
20/11/14 15:53:27 INFO DAGScheduler: Got job 8 (collect at utils.scala:353) with 1 output partitions
20/11/14 15:53:27 INFO DAGScheduler: Final stage: ResultStage 12 (collect at utils.scala:353)
20/11/14 15:53:27 INFO DAGScheduler: Parents of final stage: List()
20/11/14 15:53:27 INFO DAGScheduler: Missing parents: List()
20/11/14 15:53:27 INFO DAGScheduler: Submitting ResultStage 12 (MapPartitionsRDD[71] at collect at utils.scala:353), which has no missing parents
20/11/14 15:53:27 INFO MemoryStore: Block broadcast_15 stored as values in memory (estimated size 58.0 KB, free 2.5 GB)
20/11/14 15:53:27 INFO MemoryStore: Block broadcast_15_piece0 stored as bytes in memory (estimated size 19.9 KB, free 2.5 GB)
20/11/14 15:53:27 INFO BlockManagerInfo: Added broadcast_15_piece0 in memory on 192.168.1.10:52280 (size: 19.9 KB, free: 2.5 GB)
20/11/14 15:53:27 INFO SparkContext: Created broadcast 15 from broadcast at DAGScheduler.scala:1163
20/11/14 15:53:27 INFO DAGScheduler: Submitting 1 missing tasks from ResultStage 12 (MapPartitionsRDD[71] at collect at utils.scala:353) (first 15 tasks are for partitions Vector(0))
20/11/14 15:53:27 INFO TaskSchedulerImpl: Adding task set 12.0 with 1 tasks
20/11/14 15:53:31 INFO ContextCleaner: Cleaned accumulator 343
20/11/14 15:53:31 INFO ContextCleaner: Cleaned accumulator 337
20/11/14 15:53:31 INFO ContextCleaner: Cleaned accumulator 321
20/11/14 15:53:31 INFO ContextCleaner: Cleaned accumulator 348
20/11/14 15:53:31 INFO ContextCleaner: Cleaned accumulator 359
20/11/14 15:53:31 INFO ContextCleaner: Cleaned accumulator 347
20/11/14 15:53:31 INFO ContextCleaner: Cleaned accumulator 308
20/11/14 15:53:31 INFO ContextCleaner: Cleaned accumulator 306
20/11/14 15:53:31 INFO ContextCleaner: Cleaned accumulator 302
20/11/14 15:53:31 INFO ContextCleaner: Cleaned accumulator 361
20/11/14 15:53:31 INFO ContextCleaner: Cleaned accumulator 303
20/11/14 15:53:31 INFO ContextCleaner: Cleaned accumulator 304
20/11/14 15:53:31 INFO ContextCleaner: Cleaned accumulator 368
20/11/14 15:53:31 INFO ContextCleaner: Cleaned accumulator 329
20/11/14 15:53:31 INFO ContextCleaner: Cleaned accumulator 357
20/11/14 15:53:32 INFO BlockManagerInfo: Removed broadcast_14_piece0 on 192.168.1.10:52280 in memory (size: 22.8 KB, free: 2.5 GB)
20/11/14 15:53:32 INFO ContextCleaner: Cleaned accumulator 386
20/11/14 15:53:32 INFO ContextCleaner: Cleaned accumulator 371
20/11/14 15:53:32 INFO ContextCleaner: Cleaned accumulator 382
20/11/14 15:53:32 INFO ContextCleaner: Cleaned accumulator 339
20/11/14 15:53:32 INFO ContextCleaner: Cleaned accumulator 362
20/11/14 15:53:32 INFO ContextCleaner: Cleaned accumulator 375
20/11/14 15:53:32 INFO ContextCleaner: Cleaned accumulator 391
20/11/14 15:53:32 INFO ContextCleaner: Cleaned accumulator 322
20/11/14 15:53:32 INFO ContextCleaner: Cleaned accumulator 376
20/11/14 15:53:32 INFO ContextCleaner: Cleaned accumulator 351
20/11/14 15:53:32 INFO ContextCleaner: Cleaned accumulator 340
20/11/14 15:53:32 INFO ContextCleaner: Cleaned accumulator 369
20/11/14 15:53:32 INFO ContextCleaner: Cleaned accumulator 307
20/11/14 15:53:32 INFO ContextCleaner: Cleaned accumulator 345
20/11/14 15:53:32 INFO ContextCleaner: Cleaned accumulator 324
20/11/14 15:53:32 INFO ContextCleaner: Cleaned shuffle 3
20/11/14 15:53:32 INFO ContextCleaner: Cleaned accumulator 338
20/11/14 15:53:32 INFO ContextCleaner: Cleaned accumulator 349
20/11/14 15:53:32 INFO ContextCleaner: Cleaned accumulator 326
20/11/14 15:53:32 INFO ContextCleaner: Cleaned accumulator 366
20/11/14 15:53:32 INFO ContextCleaner: Cleaned accumulator 313
20/11/14 15:53:32 INFO ContextCleaner: Cleaned accumulator 364
20/11/14 15:53:32 INFO ContextCleaner: Cleaned accumulator 373
20/11/14 15:53:32 INFO ContextCleaner: Cleaned accumulator 323
20/11/14 15:53:32 INFO ContextCleaner: Cleaned accumulator 384
20/11/14 15:53:32 INFO ContextCleaner: Cleaned accumulator 379
20/11/14 15:53:32 INFO ContextCleaner: Cleaned accumulator 334
20/11/14 15:53:32 INFO ContextCleaner: Cleaned accumulator 309
20/11/14 15:53:32 INFO BlockManagerInfo: Removed broadcast_11_piece0 on 192.168.1.10:52280 in memory (size: 3.9 KB, free: 2.5 GB)
20/11/14 15:53:32 INFO ContextCleaner: Cleaned accumulator 319
20/11/14 15:53:32 INFO ContextCleaner: Cleaned accumulator 365
20/11/14 15:53:32 INFO ContextCleaner: Cleaned accumulator 360
20/11/14 15:53:32 INFO ContextCleaner: Cleaned accumulator 312
20/11/14 15:53:32 INFO BlockManagerInfo: Removed broadcast_13_piece0 on 192.168.1.10:52280 in memory (size: 3.9 KB, free: 2.5 GB)
20/11/14 15:53:32 INFO ContextCleaner: Cleaned accumulator 354
20/11/14 15:53:32 INFO ContextCleaner: Cleaned accumulator 389
20/11/14 15:53:32 INFO ContextCleaner: Cleaned accumulator 333
20/11/14 15:53:32 INFO ContextCleaner: Cleaned accumulator 352
20/11/14 15:53:32 INFO ContextCleaner: Cleaned accumulator 301
20/11/14 15:53:32 INFO ContextCleaner: Cleaned accumulator 300
20/11/14 15:53:32 INFO ContextCleaner: Cleaned accumulator 325
20/11/14 15:53:32 INFO ContextCleaner: Cleaned accumulator 344
20/11/14 15:53:32 INFO ContextCleaner: Cleaned accumulator 370
20/11/14 15:53:32 INFO ContextCleaner: Cleaned accumulator 318
20/11/14 15:53:32 INFO ContextCleaner: Cleaned accumulator 320
20/11/14 15:53:32 INFO ContextCleaner: Cleaned accumulator 346
20/11/14 15:53:32 INFO ContextCleaner: Cleaned accumulator 390
20/11/14 15:53:32 INFO ContextCleaner: Cleaned accumulator 378
20/11/14 15:53:32 INFO ContextCleaner: Cleaned accumulator 331
20/11/14 15:53:32 INFO ContextCleaner: Cleaned accumulator 372
20/11/14 15:53:32 INFO ContextCleaner: Cleaned accumulator 387
20/11/14 15:53:32 INFO ContextCleaner: Cleaned accumulator 363
20/11/14 15:53:32 INFO ContextCleaner: Cleaned accumulator 380
20/11/14 15:53:32 INFO ContextCleaner: Cleaned accumulator 298
20/11/14 15:53:32 INFO ContextCleaner: Cleaned accumulator 310
20/11/14 15:53:32 INFO ContextCleaner: Cleaned accumulator 332
20/11/14 15:53:32 INFO ContextCleaner: Cleaned accumulator 385
20/11/14 15:53:32 INFO ContextCleaner: Cleaned accumulator 317
20/11/14 15:53:32 INFO ContextCleaner: Cleaned accumulator 350
20/11/14 15:53:32 INFO ContextCleaner: Cleaned accumulator 315
20/11/14 15:53:32 INFO ContextCleaner: Cleaned accumulator 381
20/11/14 15:53:32 INFO ContextCleaner: Cleaned accumulator 353
20/11/14 15:53:32 INFO ContextCleaner: Cleaned accumulator 341
20/11/14 15:53:32 INFO ContextCleaner: Cleaned accumulator 358
20/11/14 15:53:32 INFO BlockManagerInfo: Removed broadcast_12_piece0 on 192.168.1.10:52280 in memory (size: 24.3 KB, free: 2.5 GB)
20/11/14 15:53:32 INFO ContextCleaner: Cleaned accumulator 311
20/11/14 15:53:32 INFO ContextCleaner: Cleaned accumulator 367
20/11/14 15:53:32 INFO ContextCleaner: Cleaned accumulator 316
20/11/14 15:53:32 INFO ContextCleaner: Cleaned accumulator 330
20/11/14 15:53:32 INFO ContextCleaner: Cleaned accumulator 328
20/11/14 15:53:32 INFO ContextCleaner: Cleaned accumulator 305
20/11/14 15:53:32 INFO ContextCleaner: Cleaned accumulator 314
20/11/14 15:53:32 INFO ContextCleaner: Cleaned accumulator 377
20/11/14 15:53:32 INFO ContextCleaner: Cleaned accumulator 355
20/11/14 15:53:32 INFO ContextCleaner: Cleaned accumulator 335
20/11/14 15:53:32 INFO ContextCleaner: Cleaned accumulator 299
20/11/14 15:53:32 INFO ContextCleaner: Cleaned accumulator 336
20/11/14 15:53:32 INFO ContextCleaner: Cleaned accumulator 374
20/11/14 15:53:32 INFO ContextCleaner: Cleaned accumulator 327
20/11/14 15:53:32 INFO ContextCleaner: Cleaned accumulator 383
20/11/14 15:53:32 INFO ContextCleaner: Cleaned accumulator 388
20/11/14 15:53:32 INFO ContextCleaner: Cleaned accumulator 342
20/11/14 15:53:32 INFO ContextCleaner: Cleaned accumulator 356
20/11/14 15:53:35 WARN TaskSetManager: Stage 12 contains a task of very large size (477534 KB). The maximum recommended task size is 100 KB.
20/11/14 15:53:35 INFO TaskSetManager: Starting task 0.0 in stage 12.0 (TID 18, localhost, executor driver, partition 0, PROCESS_LOCAL, 488994862 bytes)
20/11/14 15:53:35 INFO Executor: Running task 0.0 in stage 12.0 (TID 18)
20/11/14 15:53:40 INFO ContextCleaner: Cleaned accumulator 296
20/11/14 15:53:40 INFO ContextCleaner: Cleaned accumulator 264
20/11/14 15:53:40 INFO ContextCleaner: Cleaned accumulator 288
20/11/14 15:53:40 INFO ContextCleaner: Cleaned accumulator 279
20/11/14 15:53:40 INFO ContextCleaner: Cleaned accumulator 261
20/11/14 15:53:40 INFO ContextCleaner: Cleaned accumulator 253
20/11/14 15:53:40 INFO ContextCleaner: Cleaned accumulator 283
20/11/14 15:53:40 INFO ContextCleaner: Cleaned accumulator 287
20/11/14 15:53:40 INFO ContextCleaner: Cleaned accumulator 229
20/11/14 15:53:40 INFO ContextCleaner: Cleaned accumulator 252
20/11/14 15:53:40 INFO ContextCleaner: Cleaned accumulator 270
20/11/14 15:53:40 INFO ContextCleaner: Cleaned accumulator 230
20/11/14 15:53:40 INFO ContextCleaner: Cleaned accumulator 276
20/11/14 15:53:40 INFO ContextCleaner: Cleaned accumulator 267
20/11/14 15:53:40 INFO ContextCleaner: Cleaned accumulator 256
20/11/14 15:53:40 INFO ContextCleaner: Cleaned accumulator 297
20/11/14 15:53:40 INFO ContextCleaner: Cleaned accumulator 268
20/11/14 15:53:40 INFO ContextCleaner: Cleaned accumulator 250
20/11/14 15:53:40 INFO ContextCleaner: Cleaned accumulator 248
20/11/14 15:53:40 INFO ContextCleaner: Cleaned accumulator 295
20/11/14 15:53:40 INFO ContextCleaner: Cleaned accumulator 275
20/11/14 15:53:40 INFO ContextCleaner: Cleaned accumulator 254
20/11/14 15:53:40 INFO ContextCleaner: Cleaned accumulator 240
20/11/14 15:53:40 INFO ContextCleaner: Cleaned accumulator 284
20/11/14 15:53:40 INFO ContextCleaner: Cleaned accumulator 271
20/11/14 15:53:40 INFO ContextCleaner: Cleaned accumulator 260
20/11/14 15:53:40 INFO ContextCleaner: Cleaned accumulator 294
20/11/14 15:53:40 INFO ContextCleaner: Cleaned accumulator 266
20/11/14 15:53:40 INFO ContextCleaner: Cleaned accumulator 286
20/11/14 15:53:40 INFO ContextCleaner: Cleaned accumulator 293
20/11/14 15:53:40 INFO ContextCleaner: Cleaned accumulator 281
20/11/14 15:53:40 INFO ContextCleaner: Cleaned accumulator 237
20/11/14 15:53:40 INFO ContextCleaner: Cleaned accumulator 273
20/11/14 15:53:40 INFO ContextCleaner: Cleaned accumulator 289
20/11/14 15:53:40 INFO ContextCleaner: Cleaned accumulator 233
20/11/14 15:53:40 INFO ContextCleaner: Cleaned accumulator 257
20/11/14 15:53:40 INFO ContextCleaner: Cleaned accumulator 265
20/11/14 15:53:40 INFO ContextCleaner: Cleaned accumulator 238
20/11/14 15:53:40 INFO ContextCleaner: Cleaned accumulator 232
20/11/14 15:53:40 INFO ContextCleaner: Cleaned accumulator 241
20/11/14 15:53:40 INFO ContextCleaner: Cleaned accumulator 269
20/11/14 15:53:40 INFO ContextCleaner: Cleaned accumulator 251
20/11/14 15:53:40 INFO ContextCleaner: Cleaned accumulator 258
20/11/14 15:53:40 INFO ContextCleaner: Cleaned accumulator 263
20/11/14 15:53:40 INFO ContextCleaner: Cleaned accumulator 278
20/11/14 15:53:40 INFO ContextCleaner: Cleaned accumulator 236
20/11/14 15:53:40 INFO ContextCleaner: Cleaned accumulator 228
20/11/14 15:53:40 INFO ContextCleaner: Cleaned accumulator 231
20/11/14 15:53:40 INFO ContextCleaner: Cleaned accumulator 242
20/11/14 15:53:40 INFO ContextCleaner: Cleaned accumulator 290
20/11/14 15:53:40 INFO ContextCleaner: Cleaned accumulator 249
20/11/14 15:53:40 INFO ContextCleaner: Cleaned accumulator 280
20/11/14 15:53:40 INFO ContextCleaner: Cleaned accumulator 282
20/11/14 15:53:40 INFO ContextCleaner: Cleaned accumulator 277
20/11/14 15:53:40 INFO ContextCleaner: Cleaned accumulator 259
20/11/14 15:53:40 INFO ContextCleaner: Cleaned accumulator 255
20/11/14 15:53:40 INFO ContextCleaner: Cleaned shuffle 2
20/11/14 15:53:40 INFO ContextCleaner: Cleaned accumulator 235
20/11/14 15:53:40 INFO ContextCleaner: Cleaned accumulator 274
20/11/14 15:53:40 INFO ContextCleaner: Cleaned accumulator 272
20/11/14 15:53:40 INFO ContextCleaner: Cleaned accumulator 239
20/11/14 15:53:40 INFO ContextCleaner: Cleaned accumulator 292
20/11/14 15:53:40 INFO ContextCleaner: Cleaned accumulator 262
20/11/14 15:53:40 INFO ContextCleaner: Cleaned accumulator 291
20/11/14 15:53:40 INFO ContextCleaner: Cleaned accumulator 234
20/11/14 15:53:40 INFO BlockManagerInfo: Removed broadcast_10_piece0 on 192.168.1.10:52280 in memory (size: 24.4 KB, free: 2.5 GB)
20/11/14 15:53:40 INFO ContextCleaner: Cleaned accumulator 285
20/11/14 15:53:47 INFO BlockManager: Found block rdd_10_0 locally
20/11/14 15:53:47 INFO CodeGenerator: Code generated in 42.554049 ms
20/11/14 15:53:47 INFO Executor: 1 block locks were not released by TID = 18:
[rdd_10_0]
20/11/14 15:53:47 INFO Executor: Finished task 0.0 in stage 12.0 (TID 18). 2091 bytes result sent to driver
20/11/14 15:53:47 INFO TaskSetManager: Finished task 0.0 in stage 12.0 (TID 18) in 19531 ms on localhost (executor driver) (1/1)
20/11/14 15:53:47 INFO TaskSchedulerImpl: Removed TaskSet 12.0, whose tasks have all completed, from pool 
20/11/14 15:53:47 INFO DAGScheduler: ResultStage 12 (collect at utils.scala:353) finished in 19.545 s
20/11/14 15:53:47 INFO DAGScheduler: Job 8 finished: collect at utils.scala:353, took 19.549862 s
20/11/14 16:00:59 INFO ContextCleaner: Cleaned accumulator 392
20/11/14 16:00:59 INFO ContextCleaner: Cleaned accumulator 394
20/11/14 16:00:59 INFO ContextCleaner: Cleaned accumulator 404
20/11/14 16:00:59 INFO ContextCleaner: Cleaned accumulator 401
20/11/14 16:00:59 INFO ContextCleaner: Cleaned accumulator 408
20/11/14 16:00:59 INFO ContextCleaner: Cleaned accumulator 411
20/11/14 16:00:59 INFO ContextCleaner: Cleaned accumulator 407
20/11/14 16:00:59 INFO ContextCleaner: Cleaned accumulator 415
20/11/14 16:00:59 INFO ContextCleaner: Cleaned accumulator 397
20/11/14 16:00:59 INFO ContextCleaner: Cleaned accumulator 406
20/11/14 16:00:59 INFO ContextCleaner: Cleaned accumulator 405
20/11/14 16:00:59 INFO ContextCleaner: Cleaned accumulator 398
20/11/14 16:00:59 INFO ContextCleaner: Cleaned accumulator 417
20/11/14 16:00:59 INFO ContextCleaner: Cleaned accumulator 418
20/11/14 16:00:59 INFO ContextCleaner: Cleaned accumulator 395
20/11/14 16:00:59 INFO ContextCleaner: Cleaned accumulator 396
20/11/14 16:00:59 INFO ContextCleaner: Cleaned accumulator 409
20/11/14 16:00:59 INFO BlockManagerInfo: Removed broadcast_15_piece0 on 192.168.1.10:52280 in memory (size: 19.9 KB, free: 2.5 GB)
20/11/14 16:00:59 INFO ContextCleaner: Cleaned accumulator 413
20/11/14 16:00:59 INFO ContextCleaner: Cleaned accumulator 414
20/11/14 16:00:59 INFO ContextCleaner: Cleaned accumulator 393
20/11/14 16:00:59 INFO ContextCleaner: Cleaned accumulator 399
20/11/14 16:00:59 INFO ContextCleaner: Cleaned accumulator 400
20/11/14 16:00:59 INFO ContextCleaner: Cleaned accumulator 410
20/11/14 16:00:59 INFO ContextCleaner: Cleaned accumulator 412
20/11/14 16:00:59 INFO ContextCleaner: Cleaned accumulator 416
20/11/14 16:00:59 INFO ContextCleaner: Cleaned accumulator 402
20/11/14 16:00:59 INFO ContextCleaner: Cleaned accumulator 403
